[Monday/November 25/11/2024 09:31:56] /home/nishant/../../media/nishant/Nishant1/Machine Learning/100 Days of Deep Learning/26-Regularization in Deep Learning ｜ L2 Regularization in ANN ｜ L1 Regularization ｜ Weight Decay in ANN.webm | length=2156.228 | time=793.943
[Monday/November 25/11/2024 09:32:35] "Python Tutorial for Beginners - Full Course (with Notes & Practice Questions)" | https://www.youtube.com/watch?v=ERCMXc8x7mc | length=37490.681 | time=13950.934753669
[Monday/November 25/11/2024 09:55:19] /home/nishant/../../media/nishant/Nishant1/Machine Learning/100 Days of Deep Learning/26-Regularization in Deep Learning ｜ L2 Regularization in ANN ｜ L1 Regularization ｜ Weight Decay in ANN.webm | length=2156.228 | time=852.057
[Monday/November 25/11/2024 09:56:26] /home/nishant/../../media/nishant/Nishant1/Machine Learning/100 Days of Deep Learning/26-Regularization in Deep Learning ｜ L2 Regularization in ANN ｜ L1 Regularization ｜ Weight Decay in ANN.webm | length=2156.228 | time=346.681
[Monday/November 25/11/2024 09:58:06] "Bom Diggy Diggy  (VIDEO) | Zack Knight | Jasmin Walia | Sonu Ke Titu Ki Sweety" | https://youtu.be/yIIGQB6EMAM?si=ZGiZZuEPlwKLawuD | length=202.021 | time=24.959
[Monday/November 25/11/2024 09:58:24] "Bom Diggy Diggy  (VIDEO) | Zack Knight | Jasmin Walia | Sonu Ke Titu Ki Sweety" | https://youtu.be/yIIGQB6EMAM?si=ZGiZZuEPlwKLawuD | length=202.021 | time=33.541666666667
[Monday/November 25/11/2024 10:01:16] "Bom Diggy Diggy  (VIDEO) | Zack Knight | Jasmin Walia | Sonu Ke Titu Ki Sweety" | https://youtu.be/yIIGQB6EMAM?si=ZGiZZuEPlwKLawuD | length=202.021 | time=198.125
[Monday/November 25/11/2024 10:01:46] "MLOPS Tutorial- Automating Workflow Of CI/CD for Dockerized Flask App Using Github Action" | https://youtu.be/9oALxmc5yEw?list=PLZoTAELRMXVOjS7KXQK3DAj7ER6LT2fEO | length=2590.081 | time=9.4
[Monday/November 25/11/2024 10:12:10] "Apache Airflow One Shot- Building End To End ETL Pipeline Using AirFlow And Astro" | https://www.youtube.com/watch?v=Y_vQyMljDsE | length=3094.741 | time=4.3
[Monday/November 25/11/2024 10:33:29] "Sunn Raha Hai Na Tu Aashiqui 2 Full Video Song | Aditya Roy Kapur, Shraddha Kapoor" | https://www.youtube.com/watch?v=eHRrZ5DQCV4 | length=515.581 | time=32.44
[Monday/November 25/11/2024 10:34:04] "MLOPS Github Action With CICD Pipeline One Shot Tutorial" | https://youtu.be/ciqWMIf7Pz0?list=PLZoTAELRMXVOjS7KXQK3DAj7ER6LT2fEO | length=4112.661 | time=11
[Monday/November 25/11/2024 10:34:35] "MLOPS Github Action With CICD Pipeline One Shot Tutorial" | https://youtu.be/ciqWMIf7Pz0?list=PLZoTAELRMXVOjS7KXQK3DAj7ER6LT2fEO | length=4112.661 | time=1387.8333333333
[Monday/November 25/11/2024 10:34:38] "MLOPS Github Action With CICD Pipeline One Shot Tutorial" | https://youtu.be/ciqWMIf7Pz0?list=PLZoTAELRMXVOjS7KXQK3DAj7ER6LT2fEO | length=4112.661 | time=0
[Monday/November 25/11/2024 10:35:51] "Python Tutorial for Beginners - Full Course (with Notes & Practice Questions)" | https://www.youtube.com/watch?v=ERCMXc8x7mc | length=37490.681 | time=5810.9718333333
[Monday/November 25/11/2024 10:36:04] "Python Tutorial for Beginners - Full Course (with Notes & Practice Questions)" | https://www.youtube.com/watch?v=ERCMXc8x7mc | length=37490.681 | time=0
[Monday/November 25/11/2024 10:36:25] "Rangrez (Official Video) | Ustad Puran Chand Wadali Ji | Lakhwinder Wadali | Sufiyan Bhatt | Latest" | https://www.youtube.com/watch?v=qEBiHQTFWQI | length=289.301 | time=13.88
[Monday/November 25/11/2024 10:39:50] "Rangrez (Official Video) | Ustad Puran Chand Wadali Ji | Lakhwinder Wadali | Sufiyan Bhatt | Latest" | https://www.youtube.com/watch?v=qEBiHQTFWQI | length=289.301 | time=188.6
[Monday/November 25/11/2024 10:39:54] "Rangrez (Official Video) | Ustad Puran Chand Wadali Ji | Lakhwinder Wadali | Sufiyan Bhatt | Latest" | https://www.youtube.com/watch?v=qEBiHQTFWQI | length=289.301 | time=0
[Monday/November 25/11/2024 10:40:24] "Sanjay Dutt Hit Song | सड़क Songs | Hindi jukebox | Hindi Digital sound songs" | https://www.youtube.com/watch?v=rMbQv4cKFBU | length=2807.641 | time=6
[Monday/November 25/11/2024 10:40:26] "Sanjay Dutt Hit Song | सड़क Songs | Hindi jukebox | Hindi Digital sound songs" | https://www.youtube.com/watch?v=rMbQv4cKFBU | length=2807.641 | time=0
[Monday/November 25/11/2024 10:40:35] "Hasi Full Video - Hamari Adhuri Kahani|Emraan Hashmi, Vidya Balan|Ami Mishra|Mohit Suri" | https://www.youtube.com/watch?v=oyaudgo5_8Y | length=156.581 | time=0
